<?xml version="1.0" encoding="UTF-8"?>
<testsuite xmlns:xsi="http://www.w3.org/2001/XMLSchema-instance" xsi:noNamespaceSchemaLocation="https://maven.apache.org/surefire/maven-surefire-plugin/xsd/surefire-test-report.xsd" name="main.java.es.grise.upm.profundizacion.mocking.exercise2.EngineControllerTest" time="1.166" tests="1" errors="1" skipped="0" failures="0">
  <properties>
[...]
</properties>
  <testcase name="testRecordGear" classname="main.java.es.grise.upm.profundizacion.mocking.exercise2.EngineControllerTest" time="1.141">
    <error message="&#10;Mockito cannot mock this class: interface es.grise.upm.profundizacion.mocking.exercise2.Logger.&#10;&#10;If you&apos;re not sure why you&apos;re getting this error, please open an issue on GitHub.&#10;&#10;&#10;Java               : 23&#10;JVM vendor name    : Oracle Corporation&#10;JVM vendor version : 23.0.1+11-39&#10;JVM name           : Java HotSpot(TM) 64-Bit Server VM&#10;JVM version        : 23.0.1+11-39&#10;JVM info           : mixed mode, sharing&#10;OS name            : Windows 11&#10;OS version         : 10.0&#10;&#10;&#10;You are seeing this disclaimer because Mockito is configured to create inlined mocks.&#10;You can learn about inline mocks and their limitations under item #39 of the Mockito class javadoc.&#10;&#10;Underlying exception : org.mockito.exceptions.base.MockitoException: Could not modify all classes [interface es.grise.upm.profundizacion.mocking.exercise2.Logger]" type="org.mockito.exceptions.base.MockitoException">org.mockito.exceptions.base.MockitoException: 

Mockito cannot mock this class: interface es.grise.upm.profundizacion.mocking.exercise2.Logger.

If you're not sure why you're getting this error, please open an issue on GitHub.


Java               : 23
JVM vendor name    : Oracle Corporation
JVM vendor version : 23.0.1+11-39
JVM name           : Java HotSpot(TM) 64-Bit Server VM
JVM version        : 23.0.1+11-39
JVM info           : mixed mode, sharing
OS name            : Windows 11
OS version         : 10.0


You are seeing this disclaimer because Mockito is configured to create inlined mocks.
You can learn about inline mocks and their limitations under item #39 of the Mockito class javadoc.

Underlying exception : org.mockito.exceptions.base.MockitoException: Could not modify all classes [interface es.grise.upm.profundizacion.mocking.exercise2.Logger]
	at main.java.es.grise.upm.profundizacion.mocking.exercise2.EngineControllerTest.setup(EngineControllerTest.java:36)
Caused by: org.mockito.exceptions.base.MockitoException: Could not modify all classes [interface es.grise.upm.profundizacion.mocking.exercise2.Logger]
	at main.java.es.grise.upm.profundizacion.mocking.exercise2.EngineControllerTest.setup(EngineControllerTest.java:36)
Caused by: java.lang.IllegalStateException: 

Byte Buddy could not instrument all classes within the mock's type hierarchy

This problem should never occur for javac-compiled classes. This problem has been observed for classes that are:
 - Compiled by older versions of scalac
 - Classes that are part of the Android distribution
	at main.java.es.grise.upm.profundizacion.mocking.exercise2.EngineControllerTest.setup(EngineControllerTest.java:36)
Caused by: java.lang.IllegalArgumentException: Java 23 (67) is not supported by the current version of Byte Buddy which officially supports Java 22 (66) - update Byte Buddy or set net.bytebuddy.experimental as a VM property
	at main.java.es.grise.upm.profundizacion.mocking.exercise2.EngineControllerTest.setup(EngineControllerTest.java:36)
</error>
    <system-err><![CDATA[WARNING: A Java agent has been loaded dynamically (C:\Users\sheyl\.m2\repository\net\bytebuddy\byte-buddy-agent\1.14.9\byte-buddy-agent-1.14.9.jar)
WARNING: If a serviceability tool is in use, please run with -XX:+EnableDynamicAgentLoading to hide this warning
WARNING: If a serviceability tool is not in use, please run with -Djdk.instrument.traceUsage for more information
WARNING: Dynamic loading of agents will be disallowed by default in a future release
]]></system-err>
  </testcase>
</testsuite>